MPASM  5.47                D-20_V-2.0_E-2.ASM   6-9-2013  14:07:06         PAGE  1


LOC  OBJECT CODE     LINE SOURCE TEXT
  VALUE

                      00001         list            p=10f200
                      00002         #include        <p10f200.inc>
                      00001         LIST
                      00002 
                      00003 ;==========================================================================
                      00004 ;  MPASM PIC10F200 processor include
                      00005 ; 
                      00006 ;  (c) Copyright 1999-2012 Microchip Technology, All rights reserved
                      00007 ;==========================================================================
                      00008 
                      00151         LIST
                      00003         
0FFF   0FEB           00004         __CONFIG        _CP_OFF & _WDT_OFF & _MCLRE_OFF & _IntRC_OSC
                      00005 
  00000010            00006 CNT1            EQU     0x10
  00000011            00007 CNT2            EQU     0x11
  00000012            00008 CNT3            EQU     0x12
                      00009 
                      00010                         ORG     0x000
                      00011 
0000                  00012 main
0000   0025           00013                         movwf           OSCCAL
0001   0405           00014                         bcf                     OSCCAL,FOSC4
                      00015                         
0002   0CFC           00016                         movlw           b'11111100'
0003   0006           00017                         TRIS            GPIO
                      00018                         
0004                  00019 main_loop
0004   0506           00020                         bsf                     GPIO,0
0005   0426           00021                         bcf                     GPIO,1
                      00022                         
0006   09??           00023                         call            DLY_S
                      00024                         
0007   0406           00025                         bcf                     GPIO,0
0008   0526           00026                         bsf                     GPIO,1
                      00027                                                 
0009   09??           00028                         call            DLY_S
                      00029                         
000A   0A??           00030                         goto            main_loop
                      00031 
000B                  00032 DLY_S
000B   0C05           00033                         movlw           d'5'
000C   0032           00034                         movwf           CNT3
                      00035                         
000D                  00036 DLY_100
000D   0C64           00037                         movlw           d'100'
000E   0030           00038                         movwf           CNT1
                      00039 
000F                  00040 DLP1
000F   0CC8           00041                         movlw           d'200'
0010   0031           00042                         movwf           CNT2
                      00043                         
0011                  00044 DLP2
MPASM  5.47                D-20_V-2.0_E-2.ASM   6-9-2013  14:07:06         PAGE  2


LOC  OBJECT CODE     LINE SOURCE TEXT
  VALUE

0011   0000           00045                         nop
0012   0000           00046                         nop
0013   02F1           00047                         decfsz          CNT2,f
0014   0A??           00048                         goto            DLP2
                      00049                         
0015   02F0           00050                         decfsz          CNT1,f
0016   0A??           00051                         goto            DLP1
                      00052                         
0017   02F2           00053                         decfsz          CNT3,f
0018   0A??           00054                         goto            DLY_100
                      00055                         
0019   0800           00056                         RETLW           0
                      00057                         
                      00058                         
0FEB                  00059                         END
MPASM  5.47                D-20_V-2.0_E-2.ASM   6-9-2013  14:07:06         PAGE  3


SYMBOL TABLE
  LABEL                             VALUE 

C                                 00000000
CAL0                              00000001
CAL1                              00000002
CAL2                              00000003
CAL3                              00000004
CAL4                              00000005
CAL5                              00000006
CAL6                              00000007
CNT1                              00000010
CNT2                              00000011
CNT3                              00000012
DC                                00000001
DLP1                              0000000F
DLP2                              00000011
DLY_100                           0000000D
DLY_S                             0000000B
F                                 00000001
FOSC4                             00000000
FSR                               00000004
GP0                               00000000
GP1                               00000001
GP2                               00000002
GP3                               00000003
GPIO                              00000006
GPWUF                             00000007
INDF                              00000000
NOT_GPPU                          00000006
NOT_GPWU                          00000007
NOT_PD                            00000003
NOT_TO                            00000004
OSCCAL                            00000005
PCL                               00000002
PS0                               00000000
PS1                               00000001
PS2                               00000002
PSA                               00000003
STATUS                            00000003
T0CS                              00000005
T0SE                              00000004
TMR0                              00000001
TRISIO0                           00000000
TRISIO1                           00000001
TRISIO2                           00000002
TRISIO3                           00000003
W                                 00000000
Z                                 00000002
_CONFIG                           00000FFF
_CP_OFF                           00000FFF
_CP_ON                            00000FF7
_IDLOC0                           00000100
_IDLOC1                           00000101
_IDLOC2                           00000102
_IDLOC3                           00000103
MPASM  5.47                D-20_V-2.0_E-2.ASM   6-9-2013  14:07:06         PAGE  4


SYMBOL TABLE
  LABEL                             VALUE 

_IntRC_OSC                        00000FFF
_MCLRE_OFF                        00000FEF
_MCLRE_ON                         00000FFF
_OSC_IntRC                        00000FFF
_WDTE_OFF                         00000FFB
_WDTE_ON                          00000FFF
_WDT_OFF                          00000FFB
_WDT_ON                           00000FFF
__10F200                          00000001
__DEBUG                           1
main                              00000000
main_loop                         00000004

Errors   :     0
Warnings :     0 reported,     0 suppressed
Messages :     0 reported,     0 suppressed

