MPASM  5.47  D-21_V-1.0_E-1_PUSH-BUTTON_LED-O   6-9-2013  15:04:30         PAGE  1


LOC  OBJECT CODE     LINE SOURCE TEXT
  VALUE

                      00001         list            p=10f200
                      00002         #include        <p10f200.inc>
                      00001         LIST
                      00002 
                      00003 ;==========================================================================
                      00004 ;  MPASM PIC10F200 processor include
                      00005 ; 
                      00006 ;  (c) Copyright 1999-2012 Microchip Technology, All rights reserved
                      00007 ;==========================================================================
                      00008 
                      00151         LIST
                      00003         
0FFF   0FEB           00004         __CONFIG        _CP_OFF & _WDT_OFF & _MCLRE_OFF & _IntRC_OSC
                      00005 
  00000010            00006 CNT1            EQU     0x10
  00000011            00007 CNT2            EQU     0x11
  00000012            00008 CNT3            EQU     0x12
                      00009 
                      00010                         ORG     0x000
                      00011 
0000                  00012 main
0000   0025           00013                         movwf           OSCCAL
0001   0405           00014                         bcf                     OSCCAL,FOSC4
                      00015                         
0002   0CFE           00016                         movlw           b'11111110'
0003   0006           00017                         TRIS            GPIO
                      00018                         
0004                  00019 main_loop
0004   0506           00020                         bsf                     GPIO,0
                      00021                         
0005   0766           00022                         btfss           GPIO,3
                      00023                         
                      00024                         
0006   0A??           00025                         goto            main_loop
                      00026 
0007   0406           00027                         bcf                     GPIO,0
                      00028                         
0008   0A??           00029                         goto            main_loop
                      00030                         
0FEB                  00031                         END
MPASM  5.47  D-21_V-1.0_E-1_PUSH-BUTTON_LED-O   6-9-2013  15:04:30         PAGE  2


SYMBOL TABLE
  LABEL                             VALUE 

C                                 00000000
CAL0                              00000001
CAL1                              00000002
CAL2                              00000003
CAL3                              00000004
CAL4                              00000005
CAL5                              00000006
CAL6                              00000007
CNT1                              00000010
CNT2                              00000011
CNT3                              00000012
DC                                00000001
F                                 00000001
FOSC4                             00000000
FSR                               00000004
GP0                               00000000
GP1                               00000001
GP2                               00000002
GP3                               00000003
GPIO                              00000006
GPWUF                             00000007
INDF                              00000000
NOT_GPPU                          00000006
NOT_GPWU                          00000007
NOT_PD                            00000003
NOT_TO                            00000004
OSCCAL                            00000005
PCL                               00000002
PS0                               00000000
PS1                               00000001
PS2                               00000002
PSA                               00000003
STATUS                            00000003
T0CS                              00000005
T0SE                              00000004
TMR0                              00000001
TRISIO0                           00000000
TRISIO1                           00000001
TRISIO2                           00000002
TRISIO3                           00000003
W                                 00000000
Z                                 00000002
_CONFIG                           00000FFF
_CP_OFF                           00000FFF
_CP_ON                            00000FF7
_IDLOC0                           00000100
_IDLOC1                           00000101
_IDLOC2                           00000102
_IDLOC3                           00000103
_IntRC_OSC                        00000FFF
_MCLRE_OFF                        00000FEF
_MCLRE_ON                         00000FFF
_OSC_IntRC                        00000FFF
MPASM  5.47  D-21_V-1.0_E-1_PUSH-BUTTON_LED-O   6-9-2013  15:04:30         PAGE  3


SYMBOL TABLE
  LABEL                             VALUE 

_WDTE_OFF                         00000FFB
_WDTE_ON                          00000FFF
_WDT_OFF                          00000FFB
_WDT_ON                           00000FFF
__10F200                          00000001
__DEBUG                           1
main                              00000000
main_loop                         00000004

Errors   :     0
Warnings :     0 reported,     0 suppressed
Messages :     0 reported,     0 suppressed

