MPASM  5.47                   P1_CROSSING.ASM   6-9-2013  11:08:17         PAGE  1


LOC  OBJECT CODE     LINE SOURCE TEXT
  VALUE

                      00001         list            p=10f200
                      00002         #include        <p10f200.inc>
                      00001         LIST
                      00002 
                      00003 ;==========================================================================
                      00004 ;  MPASM PIC10F200 processor include
                      00005 ; 
                      00006 ;  (c) Copyright 1999-2012 Microchip Technology, All rights reserved
                      00007 ;==========================================================================
                      00008 
                      00151         LIST
                      00003         
0FFF   0FEB           00004         __CONFIG        _CP_OFF & _WDT_OFF & _MCLRE_OFF & _IntRC_OSC
                      00005 
  00000010            00006 CNT1            EQU     0x10
  00000011            00007 CNT2            EQU     0x11
  00000012            00008 CNT3            EQU     0x12
                      00009 
                      00010                         ORG     0x000
                      00011 
0000                  00012 main
0000   0025           00013                         movwf           OSCCAL
0001   0405           00014                         bcf                     OSCCAL,FOSC4
                      00015                         
0002   0CFC           00016                         movlw           b'11111100'
0003   0006           00017                         TRIS            GPIO
                      00018                         
0004                  00019 main_loop
0004   0506           00020                         bsf                     GPIO,0
                      00021 
0005   09??           00022                         call            DLY_S
                      00023                         
0006   0406           00024                         bcf                     GPIO,0
                      00025                         
0007   09??           00026                         call            DLY_S
                      00027                         
0008   0A??           00028                         goto            main_loop
                      00029 
0009                  00030 DLY_S
0009   0C05           00031                         movlw           d'5'
000A   0032           00032                         movwf           CNT3
                      00033                         
000B                  00034 DLY_100
000B   0C64           00035                         movlw           d'100'
000C   0030           00036                         movwf           CNT1
                      00037 
000D                  00038 DLP1
000D   0CC8           00039                         movlw           d'200'
000E   0031           00040                         movwf           CNT2
                      00041                         
000F                  00042 DLP2
000F   0000           00043                         nop
0010   0000           00044                         nop
MPASM  5.47                   P1_CROSSING.ASM   6-9-2013  11:08:17         PAGE  2


LOC  OBJECT CODE     LINE SOURCE TEXT
  VALUE

0011   02F1           00045                         decfsz          CNT2,f
0012   0A??           00046                         goto            DLP2
                      00047                         
0013   02F0           00048                         decfsz          CNT1,f
0014   0A??           00049                         goto            DLP1
                      00050                         
0015   02F2           00051                         decfsz          CNT3,f
0016   0A??           00052                         goto            DLY_100
                      00053                         
0017   0800           00054                         RETLW           0
                      00055                         
                      00056                         
0FEB                  00057                         END
MPASM  5.47                   P1_CROSSING.ASM   6-9-2013  11:08:17         PAGE  3


SYMBOL TABLE
  LABEL                             VALUE 

C                                 00000000
CAL0                              00000001
CAL1                              00000002
CAL2                              00000003
CAL3                              00000004
CAL4                              00000005
CAL5                              00000006
CAL6                              00000007
CNT1                              00000010
CNT2                              00000011
CNT3                              00000012
DC                                00000001
DLP1                              0000000D
DLP2                              0000000F
DLY_100                           0000000B
DLY_S                             00000009
F                                 00000001
FOSC4                             00000000
FSR                               00000004
GP0                               00000000
GP1                               00000001
GP2                               00000002
GP3                               00000003
GPIO                              00000006
GPWUF                             00000007
INDF                              00000000
NOT_GPPU                          00000006
NOT_GPWU                          00000007
NOT_PD                            00000003
NOT_TO                            00000004
OSCCAL                            00000005
PCL                               00000002
PS0                               00000000
PS1                               00000001
PS2                               00000002
PSA                               00000003
STATUS                            00000003
T0CS                              00000005
T0SE                              00000004
TMR0                              00000001
TRISIO0                           00000000
TRISIO1                           00000001
TRISIO2                           00000002
TRISIO3                           00000003
W                                 00000000
Z                                 00000002
_CONFIG                           00000FFF
_CP_OFF                           00000FFF
_CP_ON                            00000FF7
_IDLOC0                           00000100
_IDLOC1                           00000101
_IDLOC2                           00000102
_IDLOC3                           00000103
MPASM  5.47                   P1_CROSSING.ASM   6-9-2013  11:08:17         PAGE  4


SYMBOL TABLE
  LABEL                             VALUE 

_IntRC_OSC                        00000FFF
_MCLRE_OFF                        00000FEF
_MCLRE_ON                         00000FFF
_OSC_IntRC                        00000FFF
_WDTE_OFF                         00000FFB
_WDTE_ON                          00000FFF
_WDT_OFF                          00000FFB
_WDT_ON                           00000FFF
__10F200                          00000001
__DEBUG                           1
main                              00000000
main_loop                         00000004

Errors   :     0
Warnings :     0 reported,     0 suppressed
Messages :     0 reported,     0 suppressed

